<?xml version="1.0" encoding="UTF-8" standalone="yes"?>
<virtual_device name="D:\ETS\ETS_PDB\ets2.vd_" version="3.19" created="2004-05-07 15:30:11">
 <manufacturer>
  <manufacturer manufacturer_id="1" manufacturer_name="Test Company 1" />
 </manufacturer>
</virtual_device>
